<?xml version="1.0" encoding="UTF-8"?>
<!-- Generated by org.testng.reporters.JUnitReportReporter -->
<testsuite hostname="Shahnawaz-PC" name="MII.FAQ" tests="1" failures="0" timestamp="12 Oct 2015 06:02:28 GMT" time="109.886" errors="0">
  <testcase name="MakeinIndia" time="109.886" classname="MII.FAQ"/>
</testsuite> <!-- MII.FAQ -->
